<?xml version="1.0" encoding="UTF-8"?>
<!-- Generated by org.testng.reporters.JUnitReportReporter -->
<testsuite skipped="0" hostname="MBPdeLoozoldick.lan" name="ripley.prueba.TestCaseBrowser" tests="1" failures="0" timestamp="2022-12-28T18:36:40 CLST" time="12.199" errors="0">
  <testcase name="loginUser" time="12.199" classname="ripley.prueba.TestCaseBrowser"/>
  <system-out>
    <![CDATA[</br>Se valida la presencia del texto ¡Hola dentro de la web.
</br>Se presiona el botón iniciar sesión.
</br>Se valida la presencia del elmento Iniciar Sesion.
</br>Se presiona el botón iniciar sesión.
</br>Se ingresa el rut.
</br>Se ingresa la Pass.
</br>Se presiona el botón iniciar sesión.
</br>Se actualiza el elemento //button[@name='dwfrm_login_login']
</br>Se presiona Mi Cuenta.
</br>Se valida la presencia del texto mis compras realizadas.]]>
  </system-out>
</testsuite> <!-- ripley.prueba.TestCaseBrowser -->
