<?xml version="1.0" encoding="UTF-8"?>
<!-- Generated by org.testng.reporters.JUnitReportReporter -->
<testsuite hostname="CHLSTF000345" failures="0" tests="1" name="previred.prueba.TestCaseBrowser" time="80.771" errors="0" timestamp="2023-03-03T13:39:06 CLST" skipped="0">
  <testcase classname="previred.prueba.TestCaseBrowser" name="ComprarMonitorApple" time="80.771"/>
  <system-out>
    <![CDATA[Se abre la URL: http://opencart.abstracta.us/index.php
</br>Se maximiza el navegador.
</br>Se valida de forma exitosa, la existencia del elemento o texto: Your Store (<a href="../evidencias/ComprarMonitorApple_20233703_133744/Evidencia_ComprarMonitorApple_20233703_133752.png" target="_blank">Evidencia</a>)
</br>Se ingresa el producto a buscar.
</br>Se presiona sobre el botón buscar.
</br>Se valida de forma exitosa, la existencia del elemento o texto: //img[@title='Apple Cinema 30"'] (<a href="../evidencias/ComprarMonitorApple_20233703_133744/Evidencia_ComprarMonitorApple_20233703_133754.png" target="_blank">Evidencia</a>)
</br>Se presiona sobre la imagen apple cinema.
</br>Se valida de forma exitosa, la existencia del elemento o texto: Apple Cinema 30" (<a href="../evidencias/ComprarMonitorApple_20233703_133744/Evidencia_ComprarMonitorApple_20233703_133758.png" target="_blank">Evidencia</a>)
</br>Se presiona sobre el radio button Large.
</br>Se presiona sobre el checkbox 3.
</br>Se presiona sobre el botón checkbox 4.
</br>Se ingresa el texto Test_1.
</br>Se selecciona el valor Yellow (+$2.00).
</br>Se ingresa el texto Data de prueba.
</br>Se valida de forma exitosa, la existencia del elemento o texto: //textarea[@id='input-option209'] (<a href="../evidencias/ComprarMonitorApple_20233703_133744/Evidencia_ComprarMonitorApple_20233803_133803.png" target="_blank">Evidencia</a>)
</br>Se sube un archivo marge.png.
</br>Se presiona sobre el botón Calendario.
</br>Se presiona sobre el botón Año.
</br>Se presiona sobre el botón 2011.
</br>Se presiona sobre el botón Next.
</br>Se presiona sobre el botón 2022.
</br>Se presiona sobre el botón Jan.
</br>Se presiona sobre el botón 26.
</br>Se presiona sobre el botón Calendario.
</br>Se presiona sobre el botón horas.
</br>Se presiona sobre el botón 17.
</br>Se presiona sobre el botón minutos.
</br>Se presiona sobre el botón 25.
</br>Se presiona sobre el botón Calendario.
</br>Se presiona sobre el botón Calendario.
</br>Se presiona sobre el botón Año.
</br>Se presiona sobre el botón 2011.
</br>Se presiona sobre el botón Next.
</br>Se presiona sobre el botón 2021.
</br>Se presiona sobre el botón Jan.
</br>Se presiona sobre el botón 24.
</br>Se presiona sobre el botón Calendario.
</br>Se presiona sobre el botón horas.
</br>Se presiona sobre el botón 23.
</br>Se presiona sobre el botón minutos.
</br>Se presiona sobre el botón 55.
</br>Se presiona sobre el botón Calendario.
</br>Se ingresa el texto 2.
</br>Se valida de forma exitosa, la existencia del elemento o texto: //input[@id='input-quantity'] (<a href="../evidencias/ComprarMonitorApple_20233703_133744/Evidencia_ComprarMonitorApple_20233803_133829.png" target="_blank">Evidencia</a>)
</br>Se presiona sobre el botón agregar al carro.
</br>Se valida de forma exitosa, la existencia del elemento o texto: //div[@class='alert alert-success alert-dismissible'] (<a href="../evidencias/ComprarMonitorApple_20233703_133744/Evidencia_ComprarMonitorApple_20233803_133830.png" target="_blank">Evidencia</a>)
</br>Se presiona sobre el botón Items del carro.
</br>Se valida de forma exitosa, la existencia del elemento o texto: //strong[normalize-space()='View Cart'] (<a href="../evidencias/ComprarMonitorApple_20233703_133744/Evidencia_ComprarMonitorApple_20233803_133831.png" target="_blank">Evidencia</a>)
</br>Se presiona sobre el link View Cart.
</br>Se valida de forma exitosa, la existencia del elemento o texto: Use Gift Certificate (<a href="../evidencias/ComprarMonitorApple_20233703_133744/Evidencia_ComprarMonitorApple_20233803_133833.png" target="_blank">Evidencia</a>)
</br>Se valida de forma exitosa, la existencia del elemento o texto: //td[normalize-space()='Product Name']/ancestor::table//tbody//td[contains(normalize-space(),'Apple Cinema 30"')] (<a href="../evidencias/ComprarMonitorApple_20233703_133744/Evidencia_ComprarMonitorApple_20233803_133833.png" target="_blank">Evidencia</a>)
</br>Se valida de forma exitosa, la existencia del elemento o texto: //td[normalize-space()='Product Name']/ancestor::table//tbody//td[contains(normalize-space(),'Radio: Large')] (<a href="../evidencias/ComprarMonitorApple_20233703_133744/Evidencia_ComprarMonitorApple_20233803_133833.png" target="_blank">Evidencia</a>)
</br>Se valida de forma exitosa, la existencia del elemento o texto: //td[normalize-space()='Product Name']/ancestor::table//tbody//td[contains(normalize-space(),'Checkbox: Checkbox 3')] (<a href="../evidencias/ComprarMonitorApple_20233703_133744/Evidencia_ComprarMonitorApple_20233803_133834.png" target="_blank">Evidencia</a>)
</br>Se valida de forma exitosa, la existencia del elemento o texto: //td[normalize-space()='Product Name']/ancestor::table//tbody//td[contains(normalize-space(),'Checkbox: Checkbox 4')] (<a href="../evidencias/ComprarMonitorApple_20233703_133744/Evidencia_ComprarMonitorApple_20233803_133834.png" target="_blank">Evidencia</a>)
</br>Se valida de forma exitosa, la existencia del elemento o texto: //td[normalize-space()='Product Name']/ancestor::table//tbody//td[contains(normalize-space(),'Text: Test_1')] (<a href="../evidencias/ComprarMonitorApple_20233703_133744/Evidencia_ComprarMonitorApple_20233803_133834.png" target="_blank">Evidencia</a>)
</br>Se valida de forma exitosa, la existencia del elemento o texto: //td[normalize-space()='Product Name']/ancestor::table//tbody//td[contains(normalize-space(),'Select: Yellow')] (<a href="../evidencias/ComprarMonitorApple_20233703_133744/Evidencia_ComprarMonitorApple_20233803_133834.png" target="_blank">Evidencia</a>)
</br>Se valida de forma exitosa, la existencia del elemento o texto: //td[normalize-space()='Product Name']/ancestor::table//tbody//td[contains(normalize-space(),'Textarea: Data de prueba')] (<a href="../evidencias/ComprarMonitorApple_20233703_133744/Evidencia_ComprarMonitorApple_20233803_133835.png" target="_blank">Evidencia</a>)
</br>Se valida de forma exitosa, la existencia del elemento o texto: //td[normalize-space()='Product Name']/ancestor::table//tbody//td[contains(normalize-space(),'File: marge.png')] (<a href="../evidencias/ComprarMonitorApple_20233703_133744/Evidencia_ComprarMonitorApple_20233803_133835.png" target="_blank">Evidencia</a>)
</br>Se valida de forma exitosa, la existencia del elemento o texto: //td[normalize-space()='Product Name']/ancestor::table//tbody//td[contains(normalize-space(),'Date: 2022-01-26')] (<a href="../evidencias/ComprarMonitorApple_20233703_133744/Evidencia_ComprarMonitorApple_20233803_133835.png" target="_blank">Evidencia</a>)
</br>Se valida de forma exitosa, la existencia del elemento o texto: //td[normalize-space()='Product Name']/ancestor::table//tbody//td[contains(normalize-space(),'Time: 17:25')] (<a href="../evidencias/ComprarMonitorApple_20233703_133744/Evidencia_ComprarMonitorApple_20233803_133835.png" target="_blank">Evidencia</a>)
</br>Se valida de forma exitosa, la existencia del elemento o texto: //td[normalize-space()='Product Name']/ancestor::table//input[starts-with(@name,'quantity') and @value='2'] (<a href="../evidencias/ComprarMonitorApple_20233703_133744/Evidencia_ComprarMonitorApple_20233803_133836.png" target="_blank">Evidencia</a>)
</br>Se presiona sobre el botón checkout del carro.
</br>Se valida de forma exitosa, la existencia del elemento o texto: //a[@class='accordion-toggle'] (<a href="../evidencias/ComprarMonitorApple_20233703_133744/Evidencia_ComprarMonitorApple_20233803_133839.png" target="_blank">Evidencia</a>)
</br>Se ingresa el texto angelinaleivamartinez@gmail.com.
</br>Se ingresa el texto Pass1234.
</br>Se presiona sobre el botón login.
</br>Se valida de forma exitosa, la existencia del elemento o texto: //input[@id='input-payment-firstname'] (<a href="../evidencias/ComprarMonitorApple_20233703_133744/Evidencia_ComprarMonitorApple_20233803_133842.png" target="_blank">Evidencia</a>)
</br>Se presiona sobre el radio button new address.
</br>Se ingresa el texto Ange.
</br>Se ingresa el texto Leiva.
</br>Se ingresa el texto Personal.
</br>Se ingresa el texto las lilas 1234.
</br>Se ingresa el texto depto 111.
</br>Se ingresa el texto Santiago.
</br>Se ingresa el texto 9261000.
</br>Se selecciona la opción Chile.
</br>Se selecciona la opción Coquimbo.
</br>Se presiona sobre el botón Continue.
</br>Se valida de forma exitosa, la existencia del elemento o texto: //div[@id='shipping-existing']//select[@name='address_id'] (<a href="../evidencias/ComprarMonitorApple_20233703_133744/Evidencia_ComprarMonitorApple_20233803_133853.png" target="_blank">Evidencia</a>)
</br>Se presiona sobre el botón Continue.
</br>Se valida de forma exitosa, la existencia del elemento o texto: //p[contains(text(),'Please select the preferred shipping method to use')] (<a href="../evidencias/ComprarMonitorApple_20233703_133744/Evidencia_ComprarMonitorApple_20233803_133854.png" target="_blank">Evidencia</a>)
</br>Se presiona sobre el botón Continue.
</br>Se valida de forma exitosa, la existencia del elemento o texto: //p[contains(text(),'Please select the preferred payment method to use ')] (<a href="../evidencias/ComprarMonitorApple_20233703_133744/Evidencia_ComprarMonitorApple_20233803_133856.png" target="_blank">Evidencia</a>)
</br>Se presiona sobre el radio button Cash On Delivery .
</br>Se presiona sobre el botón terminos y condiciones.
</br>Se presiona sobre el botón Continue.
</br>Se valida de forma exitosa, la existencia del elemento o texto: //td[normalize-space()='Product Name'] (<a href="../evidencias/ComprarMonitorApple_20233703_133744/Evidencia_ComprarMonitorApple_20233803_133858.png" target="_blank">Evidencia</a>)
</br>Se presiona sobre el botón .
</br>Se valida de forma exitosa, la existencia del elemento o texto: //h1[normalize-space()='Your order has been placed!'] (<a href="../evidencias/ComprarMonitorApple_20233703_133744/Evidencia_ComprarMonitorApple_20233903_133900.png" target="_blank">Evidencia</a>)
</br>Se presiona sobre el texto My Account.
</br>Se valida de forma exitosa, la existencia del elemento o texto: //a[normalize-space()='Logout'] (<a href="../evidencias/ComprarMonitorApple_20233703_133744/Evidencia_ComprarMonitorApple_20233903_133902.png" target="_blank">Evidencia</a>)
</br>Se presiona sobre el link Logout.
</br>Se valida de forma exitosa, la existencia del elemento o texto: //p[contains(text(),'You have been logged off your account. It is now s')] (<a href="../evidencias/ComprarMonitorApple_20233703_133744/Evidencia_ComprarMonitorApple_20233903_133904.png" target="_blank">Evidencia</a>)]]>
  </system-out>
</testsuite> <!-- previred.prueba.TestCaseBrowser -->
